<?xml version="1.0" encoding="UTF-8"?>
<testsuite xmlns:xsi="http://www.w3.org/2001/XMLSchema-instance" xsi:noNamespaceSchemaLocation="https://maven.apache.org/surefire/maven-surefire-plugin/xsd/surefire-test-report.xsd" name="com.cactusc9.order.repository.OrderMasterRepositoryTest" time="0.245" tests="2" errors="0" skipped="0" failures="0">
  <properties>
[...]
</properties>
  <testcase name="save" classname="com.cactusc9.order.repository.OrderMasterRepositoryTest" time="0"/>
  <testcase name="contextLoads" classname="com.cactusc9.order.repository.OrderMasterRepositoryTest" time="0"/>
</testsuite>